#
# There is insufficient memory for the Java Runtime Environment to continue.
# Native memory allocation (malloc) failed to allocate 1048576 bytes for AllocateHeap
# Possible reasons:
#   The system is out of physical RAM or swap space
#   In 32 bit mode, the process size limit was hit
# Possible solutions:
#   Reduce memory load on the system
#   Increase physical memory or swap space
#   Check if swap backing store is full
#   Use 64 bit Java on a 64 bit OS
#   Decrease Java heap size (-Xmx/-Xms)
#   Decrease number of Java threads
#   Decrease Java thread stack sizes (-Xss)
#   Set larger code cache with -XX:ReservedCodeCacheSize=
# This output file may be truncated or incomplete.
#
#  Out of Memory Error (memory/allocation.inline.hpp:61), pid=3096, tid=5896
#
# JRE version:  (8.0_91-b15) (build )
# Java VM: Java HotSpot(TM) 64-Bit Server VM (25.91-b15 mixed mode windows-amd64 compressed oops)
# Failed to write core dump. Minidumps are not enabled by default on client versions of Windows
#

---------------  T H R E A D  ---------------

Current thread (0x000000000260e800):  JavaThread "Unknown thread" [_thread_in_vm, id=5896, stack(0x0000000000bf0000,0x0000000000cf0000)]

Stack: [0x0000000000bf0000,0x0000000000cf0000]
[error occurred during error reporting (printing stack bounds), id 0xc0000005]

Native frames: (J=compiled Java code, j=interpreted, Vv=VM code, C=native code)


---------------  P R O C E S S  ---------------

Java Threads: ( => current thread )

Other Threads:

=>0x000000000260e800 (exited) JavaThread "Unknown thread" [_thread_in_vm, id=5896, stack(0x0000000000bf0000,0x0000000000cf0000)]

VM state:not at safepoint (normal execution)

VM Mutex/Monitor currently owned by a thread: None

Heap:
 PSYoungGen      total 18944K, used 327K [0x00000000f5580000, 0x00000000f6a80000, 0x0000000100000000)
  eden space 16384K, 2% used [0x00000000f5580000,0x00000000f55d1ec8,0x00000000f6580000)
  from space 2560K, 0% used [0x00000000f6800000,0x00000000f6800000,0x00000000f6a80000)
  to   space 2560K, 0% used [0x00000000f6580000,0x00000000f6580000,0x00000000f6800000)
 ParOldGen       total 44032K, used 0K [0x00000000e0000000, 0x00000000e2b00000, 0x00000000f5580000)
  object space 44032K, 0% used [0x00000000e0000000,0x00000000e0000000,0x00000000e2b00000)
 Metaspace       used 769K, capacity 4480K, committed 4480K, reserved 1056768K
  class space    used 75K, capacity 384K, committed 384K, reserved 1048576K

Card table byte_map: [0x00000000119d0000,0x0000000011ae0000] byte_map_base: 0x00000000112d0000

Marking Bits: (ParMarkBitMap*) 0x0000000053622f70
 Begin Bits: [0x0000000011ce0000, 0x00000000124e0000)
 End Bits:   [0x00000000124e0000, 0x0000000012ce0000)

Polling page: 0x0000000000cf0000

CodeCache: size=245760Kb used=327Kb max_used=327Kb free=245432Kb
 bounds [0x0000000002610000, 0x0000000002880000, 0x0000000011610000]
 total_blobs=56 nmethods=0 adapters=38
 compilation: enabled

Compilation events (0 events):
No events

GC Heap History (0 events):
No events

Deoptimization events (0 events):
No events

Internal exceptions (0 events):
No events

Events (10 events):
Event: 0.024 loading class java/lang/Short
Event: 0.024 loading class java/lang/Short done
Event: 0.024 loading class java/lang/Integer
Event: 0.024 loading class java/lang/Integer done
Event: 0.024 loading class java/lang/Long
Event: 0.024 loading class java/lang/Long done
Event: 0.025 loading class java/lang/NullPointerException
Event: 0.025 loading class java/lang/NullPointerException done
Event: 0.025 loading class java/lang/ArithmeticException
Event: 0.025 loading class java/lang/ArithmeticException done


Dynamic libraries:
0x00007ff618970000 - 0x00007ff6189a7000 	C:\Program Files\Java\jdk1.8.0_91\bin\java.exe
0x00007ffc87660000 - 0x00007ffc8780d000 	C:\Windows\SYSTEM32\ntdll.dll
0x00007ffc87050000 - 0x00007ffc8718a000 	C:\Windows\system32\KERNEL32.DLL
0x00007ffc84930000 - 0x00007ffc84a45000 	C:\Windows\system32\KERNELBASE.dll
0x00007ffc83450000 - 0x00007ffc834d8000 	C:\Windows\system32\apphelp.dll
0x00007ffc81e40000 - 0x00007ffc81e8f000 	C:\Windows\AppPatch\AppPatch64\AcGenral.DLL
0x00007ffc84ed0000 - 0x00007ffc84f77000 	C:\Windows\system32\msvcrt.dll
0x00007ffc84710000 - 0x00007ffc8473b000 	C:\Windows\SYSTEM32\SspiCli.dll
0x00007ffc84f80000 - 0x00007ffc84fd1000 	C:\Windows\system32\SHLWAPI.dll
0x00007ffc84fe0000 - 0x00007ffc85157000 	C:\Windows\system32\USER32.dll
0x00007ffc85870000 - 0x00007ffc85a04000 	C:\Windows\system32\ole32.dll
0x00007ffc85a10000 - 0x00007ffc86f3a000 	C:\Windows\system32\SHELL32.dll
0x00007ffc83ec0000 - 0x00007ffc83ede000 	C:\Windows\SYSTEM32\USERENV.dll
0x00007ffc872f0000 - 0x00007ffc8739a000 	C:\Windows\system32\ADVAPI32.dll
0x00007ffc777a0000 - 0x00007ffc777bb000 	C:\Windows\SYSTEM32\MPR.dll
0x00007ffc853a0000 - 0x00007ffc854d6000 	C:\Windows\system32\RPCRT4.dll
0x00007ffc84d80000 - 0x00007ffc84dd9000 	C:\Windows\SYSTEM32\sechost.dll
0x00007ffc854e0000 - 0x00007ffc856b6000 	C:\Windows\SYSTEM32\combase.dll
0x00007ffc87450000 - 0x00007ffc87595000 	C:\Windows\system32\GDI32.dll
0x00007ffc84860000 - 0x00007ffc84874000 	C:\Windows\SYSTEM32\profapi.dll
0x00007ffc82e60000 - 0x00007ffc82f12000 	C:\Windows\SYSTEM32\SHCORE.dll
0x00007ffc84e90000 - 0x00007ffc84ec4000 	C:\Windows\system32\IMM32.DLL
0x00007ffc87190000 - 0x00007ffc872e2000 	C:\Windows\system32\MSCTF.dll
0x00007ffc825d0000 - 0x00007ffc8282a000 	C:\Windows\WinSxS\amd64_microsoft.windows.common-controls_6595b64144ccf1df_6.0.9600.17031_none_6242a4b3ecbb55a1\COMCTL32.dll
0x0000000053af0000 - 0x0000000053bc2000 	C:\Program Files\Java\jdk1.8.0_91\jre\bin\msvcr100.dll
0x0000000052e10000 - 0x00000000536a3000 	C:\Program Files\Java\jdk1.8.0_91\jre\bin\server\jvm.dll
0x00007ffc83400000 - 0x00007ffc83409000 	C:\Windows\SYSTEM32\WSOCK32.dll
0x00007ffc80c80000 - 0x00007ffc80c9f000 	C:\Windows\SYSTEM32\WINMM.dll
0x00007ffc812f0000 - 0x00007ffc812fa000 	C:\Windows\SYSTEM32\VERSION.dll
0x00007ffc86fb0000 - 0x00007ffc86fb7000 	C:\Windows\system32\PSAPI.DLL
0x00007ffc85340000 - 0x00007ffc85398000 	C:\Windows\system32\WS2_32.dll
0x00007ffc80a80000 - 0x00007ffc80aaa000 	C:\Windows\SYSTEM32\WINMMBASE.dll
0x00007ffc87020000 - 0x00007ffc87029000 	C:\Windows\system32\NSI.dll
0x00007ffc84a50000 - 0x00007ffc84a9a000 	C:\Windows\SYSTEM32\cfgmgr32.dll
0x00007ffc836a0000 - 0x00007ffc836c6000 	C:\Windows\SYSTEM32\DEVOBJ.dll
0x0000000054200000 - 0x000000005420f000 	C:\Program Files\Java\jdk1.8.0_91\jre\bin\verify.dll
0x00000000541d0000 - 0x00000000541f9000 	C:\Program Files\Java\jdk1.8.0_91\jre\bin\java.dll
0x00000000541b0000 - 0x00000000541c6000 	C:\Program Files\Java\jdk1.8.0_91\jre\bin\zip.dll

VM Arguments:
jvm_args: -Djava.awt.headless=true -Xmx1024M -Dfile.encoding=windows-1250 -Duser.country=US -Duser.language=en -Duser.variant -Xmx512M 
java_command: com.android.dx.command.Main --dex --num-threads=4 --output G:\Praca_Inzynierska\ARAppGitRepo\ARapp\app\build\intermediates\pre-dexed\debug\support-annotations-24.0.0-beta1_e90e2581d61de5ac8c97c6c7cf5252714386737c.jar C:\Users\Lesnik\AppData\Local\Android\Sdk\extras\android\m2repository\com\android\support\support-annotations\24.0.0-beta1\support-annotations-24.0.0-beta1.jar
java_class_path (initial): C:\Users\Lesnik\AppData\Local\Android\Sdk\build-tools\24.0.0\lib\dx.jar
Launcher Type: SUN_STANDARD

Environment Variables:
JAVA_HOME=C:\Program Files\Java\jdk1.8.0_91
_JAVA_OPTIONS=-Xmx512M
PATH=C:\Windows\system32;C:\Windows;C:\Windows\System32\Wbem;C:\Windows\System32\WindowsPowerShell\v1.0\;C:\Users\Lesnik\.dnx\bin;C:\Program Files\Microsoft DNX\Dnvm\;C:\Program Files (x86)\Windows Kits\8.1\Windows Performance Toolkit\;C:\Program Files\Microsoft SQL Server\120\Tools\Binn\;C:\Program Files\Microsoft SQL Server\130\Tools\Binn\;C:\Program Files\Microsoft SQL Server\110\Tools\Binn\;G:\gradle-2.13\bin;C:\Program Files\Java\jdk1.8.0_91\bin;C:\Program Files\Git\cmd;C:\Program Files\Git\mingw64\bin;C:\Program Files\Git\usr\bin;C:\jxcore;C:\Program Files\nodejs\;C:\Program Files\Java\jdk1.8.0_91\bin;C:\Program Files (x86)\Windows Live\Shared;D:\Android_SDK\platform-tools;C:\Program Files\TortoiseGit\bin;G:\rsync;C:\Program Files (x86)\Skype\Phone\;C:\Program Files (x86)\NVIDIA Corporation\PhysX\Common;F:\Program Files\MatLab\runtime\win64;F:\Program Files\MatLab\bin;;C:\Users\Lesnik\AppData\Roaming\npm;C:\Users\Lesnik\AppData\Local\atom\bin
USERNAME=Lesnik
OS=Windows_NT
PROCESSOR_IDENTIFIER=Intel64 Family 6 Model 23 Stepping 6, GenuineIntel



---------------  S Y S T E M  ---------------

OS: Windows 8.1 , 64 bit Build 9600 (6.3.9600.17056)

CPU:total 2 (2 cores per cpu, 1 threads per core) family 6 model 23 stepping 6, cmov, cx8, fxsr, mmx, sse, sse2, sse3, ssse3, sse4.1, tsc

Memory: 4k page, physical 4192760k(788664k free), swap 7338488k(5800k free)

vm_info: Java HotSpot(TM) 64-Bit Server VM (25.91-b15) for windows-amd64 JRE (1.8.0_91-b15), built on May 20 2016 17:43:15 by "java_re" with MS VC++ 10.0 (VS2010)

time: Sat Nov 12 19:48:10 2016
elapsed time: 0 seconds (0d 0h 0m 0s)

